\BOOKMARK [0][-]{chapter*.1}{\376\377\000A\000b\000s\000t\000r\000a\000c\000t}{}% 1
\BOOKMARK [0][-]{chapter.1}{\376\377\000I\000n\000t\000r\000o\000d\000u\000c\000t\000i\000o\000n}{}% 2
\BOOKMARK [0][-]{chapter.2}{\376\377\000M\000o\000t\000i\000v\000a\000t\000i\000o\000n}{}% 3
\BOOKMARK [0][-]{chapter.3}{\376\377\000G\000o\000a\000l}{}% 4
\BOOKMARK [1][-]{section.3.1}{\376\377\000B\000e\000n\000e\000f\000i\000t\000s\000\040\000o\000f\000\040\000b\000u\000i\000l\000d\000i\000n\000g\000\040\000y\000o\000u\000r\000\040\000o\000w\000n\000\040\000g\000a\000m\000e\000\040\000e\000n\000g\000i\000n\000e}{chapter.3}% 5
\BOOKMARK [2][-]{subsection.3.1.1}{\376\377\000S\000t\000a\000n\000d\000a\000r\000d\000\040\000i\000n\000d\000u\000s\000t\000r\000y\000\040\000p\000r\000a\000c\000t\000i\000c\000e}{section.3.1}% 6
\BOOKMARK [2][-]{subsection.3.1.2}{\376\377\000E\000d\000u\000c\000a\000t\000i\000o\000n\000a\000l\000\040\000p\000u\000r\000p\000o\000s\000e\000s}{section.3.1}% 7
\BOOKMARK [1][-]{section.3.2}{\376\377\000B\000e\000n\000e\000f\000i\000t\000s\000\040\000o\000f\000\040\000i\000n\000t\000e\000g\000r\000a\000t\000i\000n\000g\000\040\000m\000a\000c\000h\000i\000n\000e\000\040\000l\000e\000a\000r\000n\000i\000n\000g\000\040\000w\000i\000t\000h\000\040\000g\000a\000m\000i\000n\000g}{chapter.3}% 8
\BOOKMARK [2][-]{subsection.3.2.1}{\376\377\000S\000i\000m\000u\000l\000a\000t\000i\000n\000g\000\040\000H\000u\000m\000a\000n\000\040\000I\000n\000t\000e\000r\000a\000c\000t\000i\000o\000n}{section.3.2}% 9
\BOOKMARK [2][-]{subsection.3.2.2}{\376\377\000O\000u\000t\000-\000p\000e\000r\000f\000o\000r\000m\000i\000n\000g\000\040\000H\000u\000m\000a\000n\000\040\000P\000e\000r\000f\000o\000r\000m\000a\000n\000c\000e}{section.3.2}% 10
\BOOKMARK [0][-]{chapter.4}{\376\377\000w\000h\000y\000\040\000a\000r\000e\000\040\000v\000i\000d\000e\000o\000\040\000c\000a\000r\000d\000s\000\040\000.\000.\000.\000\040\000?}{}% 11
\BOOKMARK [1][-]{section.4.1}{\376\377\000C\000o\000n\000n\000e\000c\000t\000i\000n\000g\000\040\000v\000i\000d\000e\000o\000b\000o\000a\000r\000d\000\040\000t\000o\000\040\000t\000h\000e\000\040\000t\000h\000e\000\040\000s\000c\000r\000e\000e\000n}{chapter.4}% 12
\BOOKMARK [2][-]{subsection.4.1.1}{\376\377\000P\000r\000o\000o\000f\000\040\000o\000f\000\040\000c\000o\000n\000c\000e\000p\000t\000\040\000u\000s\000i\000n\000g\000\040\000A\000r\000d\000u\000i\000n\000o}{section.4.1}% 13
\BOOKMARK [2][-]{subsection.4.1.2}{\376\377\000P\000r\000o\000o\000f\000\040\000o\000f\000\040\000c\000o\000n\000c\000e\000p\000t\000\040\000u\000s\000i\000n\000g\000\040\000e\000m\000b\000e\000d\000d\000e\000d\000\040\000c\000i\000r\000c\000u\000i\000t\000s}{section.4.1}% 14
\BOOKMARK [2][-]{subsection.4.1.3}{\376\377\000P\000C\000B\000\040\000e\000x\000a\000m\000p\000l\000e\000s}{section.4.1}% 15
\BOOKMARK [1][-]{section.4.2}{\376\377\000G\000r\000a\000p\000h\000i\000c\000s\000\040\000A\000b\000s\000t\000r\000a\000c\000t\000i\000o\000n\000\040\000L\000a\000y\000e\000r\000s}{chapter.4}% 16
\BOOKMARK [2][-]{subsection.4.2.1}{\376\377\000P\000r\000o\000v\000i\000d\000e\000r\000s}{section.4.2}% 17
\BOOKMARK [2][-]{subsection.4.2.2}{\376\377\000P\000i\000p\000e\000l\000i\000n\000e\000s}{section.4.2}% 18
\BOOKMARK [2][-]{subsection.4.2.3}{\376\377\000G\000a\000m\000e\000\040\000E\000n\000g\000i\000n\000e\000s}{section.4.2}% 19
\BOOKMARK [0][-]{chapter.5}{\376\377\000M\000y\000\040\000A\000p\000p\000l\000i\000c\000a\000t\000i\000o\000n}{}% 20
\BOOKMARK [1][-]{section.5.1}{\376\377\000T\000h\000e\000\040\000C\000+\000+\000\040\000b\000a\000c\000k\000e\000n\000d}{chapter.5}% 21
\BOOKMARK [1][-]{section.5.2}{\376\377\000T\000h\000e\000\040\000P\000y\000t\000h\000o\000n\000\040\000b\000a\000c\000k\000e\000n\000d}{chapter.5}% 22
\BOOKMARK [1][-]{section.5.3}{\376\377\000T\000h\000e\000\040\000C\000+\000+\000\040\000f\000r\000o\000n\000t\000e\000n\000d\000\040\000p\000r\000o\000g\000r\000a\000m\000m\000i\000n\000g\000\040\000i\000n\000t\000e\000r\000f\000a\000c\000e}{chapter.5}% 23
\BOOKMARK [1][-]{section.5.4}{\376\377\000T\000h\000e\000\040\000P\000y\000t\000h\000o\000n\000\040\000f\000r\000o\000n\000t\000e\000n\000d\000\040\000p\000r\000o\000g\000r\000a\000m\000m\000i\000n\000g\000\040\000i\000n\000t\000e\000r\000f\000a\000c\000e}{chapter.5}% 24
\BOOKMARK [0][-]{chapter.6}{\376\377\000A\000c\000h\000i\000e\000v\000e\000m\000e\000n\000t\000s}{}% 25
\BOOKMARK [1][-]{section.6.1}{\376\377\000P\000r\000o\000o\000f\000\040\000t\000h\000a\000t\000\040\000i\000\040\000h\000a\000v\000e\000\040\000b\000u\000i\000l\000t\000\040\000a\000\040\000g\000a\000m\000e\000\040\000e\000n\000g\000i\000n\000e}{chapter.6}% 26
\BOOKMARK [2][-]{subsection.6.1.1}{\376\377\000i\000s\000\040\000m\000y\000\040\000p\000r\000o\000j\000e\000c\000t\000\040\000a\000\040\000s\000o\000f\000t\000w\000a\000r\000e\000\040\000f\000r\000a\000m\000e\000w\000o\000r\000k\000?}{section.6.1}% 27
\BOOKMARK [2][-]{subsection.6.1.2}{\376\377\000W\000h\000a\000t\000\040\000s\000h\000o\000u\000l\000d\000\040\000a\000\040\000g\000a\000m\000e\000\040\000e\000n\000g\000i\000n\000e\000\040\000d\000o\000?}{section.6.1}% 28
\BOOKMARK [2][-]{subsection.6.1.3}{\376\377\000G\000o\000a\000l}{section.6.1}% 29
\BOOKMARK [1][-]{section.6.2}{\376\377\000L\000i\000t\000e\000r\000a\000t\000u\000r\000e\000\040\000R\000e\000v\000i\000e\000w}{chapter.6}% 30
\BOOKMARK [2][-]{subsection.6.2.1}{\376\377\000S\000i\000m\000u\000l\000a\000t\000i\000n\000g\000\040\000H\000u\000m\000a\000n\000\040\000I\000n\000t\000e\000r\000a\000c\000t\000i\000o\000n}{section.6.2}% 31
\BOOKMARK [2][-]{subsection.6.2.2}{\376\377\000O\000u\000t\000-\000p\000e\000r\000f\000o\000r\000m\000i\000n\000g\000\040\000H\000u\000m\000a\000n\000\040\000P\000e\000r\000f\000o\000r\000m\000a\000n\000c\000e}{section.6.2}% 32
\BOOKMARK [2][-]{subsection.6.2.3}{\376\377\000B\000i\000b\000l\000i\000o\000g\000r\000a\000p\000h\000y\000\040\000R\000e\000v\000i\000e\000w}{section.6.2}% 33
\BOOKMARK [2][-]{subsection.6.2.4}{\376\377\000B\000o\000o\000k\000s}{section.6.2}% 34
\BOOKMARK [2][-]{subsection.6.2.5}{\376\377\000P\000a\000p\000e\000r\000s}{section.6.2}% 35
\BOOKMARK [1][-]{section.6.3}{\376\377\000f\000r\000o\000m\000\040\000l\000e\000d\000s\000\040\000t\000o\000\040\000o\000p\000e\000n\000g\000l}{chapter.6}% 36
\BOOKMARK [2][-]{subsection.6.3.1}{\376\377\000W\000h\000y\000\040\000d\000o\000e\000s\000\040\000m\000y\000\040\000c\000o\000m\000p\000u\000t\000e\000r\000\040\000n\000e\000e\000d\000\040\000a\000\040\000g\000r\000a\000p\000h\000i\000c\000s\000\040\000c\000a\000r\000d\000?}{section.6.3}% 37
\BOOKMARK [2][-]{subsection.6.3.2}{\376\377\000C\000o\000l\000o\000r\000s\000\040\000a\000n\000d\000\040\000V\000e\000c\000t\000o\000r\000s}{section.6.3}% 38
\BOOKMARK [2][-]{subsection.6.3.3}{\376\377\000C\000o\000m\000p\000u\000t\000e\000r\000\040\000G\000r\000a\000p\000h\000i\000c\000s}{section.6.3}% 39
\BOOKMARK [2][-]{subsection.6.3.4}{\376\377\000G\000a\000m\000e\000\040\000D\000e\000v\000e\000l\000o\000p\000m\000e\000n\000t}{section.6.3}% 40
\BOOKMARK [2][-]{subsection.6.3.5}{\376\377\000C\000o\000d\000i\000n\000g\000\040\000P\000r\000a\000c\000t\000i\000c\000e\000s}{section.6.3}% 41
\BOOKMARK [1][-]{section.6.4}{\376\377\000f\000r\000o\000m\000\040\000o\000p\000e\000n\000g\000l\000\040\000t\000o\000\040\000e\000n\000d\000-\000u\000s\000e\000r\000s}{chapter.6}% 42
\BOOKMARK [0][-]{chapter.7}{\376\377\000C\000o\000m\000p\000u\000t\000e\000r\000\040\000G\000r\000a\000p\000h\000i\000c\000s}{}% 43
\BOOKMARK [1][-]{section.7.1}{\376\377\000M\000a\000t\000h\000\040\000E\000n\000g\000i\000n\000e}{chapter.7}% 44
\BOOKMARK [2][-]{subsection.7.1.1}{\376\377\000v\000e\000c\000t\000o\000r\000.\000c\000p\000p}{section.7.1}% 45
\BOOKMARK [2][-]{subsection.7.1.2}{\376\377\000r\000a\000n\000d\000o\000m\000.\000c\000p\000p}{section.7.1}% 46
\BOOKMARK [1][-]{section.7.2}{\376\377\000R\000e\000n\000d\000e\000r\000e\000r\000\040\000E\000n\000g\000i\000n\000e}{chapter.7}% 47
\BOOKMARK [2][-]{subsection.7.2.1}{\376\377\000p\000r\000i\000m\000i\000t\000i\000v\000e\000s}{section.7.2}% 48
\BOOKMARK [2][-]{subsection.7.2.2}{\376\377\000T\000r\000a\000n\000s\000f\000o\000r\000m\000a\000t\000i\000o\000n\000s}{section.7.2}% 49
\BOOKMARK [2][-]{subsection.7.2.3}{\376\377\000c\000o\000l\000o\000r\000.\000c\000p\000p}{section.7.2}% 50
\BOOKMARK [1][-]{section.7.3}{\376\377\000C\000o\000l\000l\000i\000s\000i\000o\000n\000\040\000D\000e\000t\000e\000c\000t\000i\000o\000n}{chapter.7}% 51
\BOOKMARK [0][-]{chapter.8}{\376\377\000G\000a\000m\000e\000\040\000D\000e\000v\000e\000l\000o\000p\000m\000e\000n\000t}{}% 52
\BOOKMARK [1][-]{section.8.1}{\376\377\000G\000a\000m\000e\000\040\000E\000n\000g\000i\000n\000e}{chapter.8}% 53
\BOOKMARK [2][-]{subsection.8.1.1}{\376\377\000G\000a\000m\000e\000O\000b\000j\000e\000c\000t\000s}{section.8.1}% 54
\BOOKMARK [2][-]{subsection.8.1.2}{\376\377\000C\000o\000m\000p\000o\000n\000e\000n\000t\000s}{section.8.1}% 55
\BOOKMARK [1][-]{section.8.2}{\376\377\000C\000o\000l\000l\000i\000s\000i\000o\000n\000\040\000D\000e\000t\000e\000c\000t\000i\000o\000n}{chapter.8}% 56
\BOOKMARK [0][-]{chapter.9}{\376\377\000M\000a\000c\000h\000i\000n\000e\000\040\000L\000e\000a\000r\000n\000i\000n\000g}{}% 57
\BOOKMARK [1][-]{section.9.1}{\376\377\000P\000r\000o\000b\000a\000b\000i\000l\000i\000t\000i\000e\000s}{chapter.9}% 58
\BOOKMARK [1][-]{section.9.2}{\376\377\000S\000c\000i\000p\000y\000\040\000c\000o\000m\000p\000a\000t\000i\000b\000i\000l\000i\000t\000y}{chapter.9}% 59
\BOOKMARK [0][-]{chapter*.20}{\376\377\000C\000o\000n\000c\000l\000u\000z\000i\000i}{}% 60
\BOOKMARK [0][-]{chapter*.21}{\376\377\000B\000i\000b\000l\000i\000o\000g\000r\000a\000f\000i\000e}{}% 61
